<?xml version="1.0" encoding="UTF-8"?>
<Site BuildName="(empty)"
	BuildStamp="20231027-0246-Experimental"
	Name="juhaokun-VirtualBox"
	Generator="ctest-3.16.3"
	CompilerName="/usr/bin/c++"
	CompilerVersion="9.4.0"
	OSName="Linux"
	Hostname="juhaokun-VirtualBox"
	OSRelease="5.15.0-87-generic"
	OSVersion="#97~20.04.1-Ubuntu SMP Thu Oct 5 08:25:28 UTC 2023"
	OSPlatform="x86_64"
	Is64Bits="1"
	VendorString="AuthenticAMD"
	VendorID="Advanced Micro Devices"
	FamilyID="23"
	ModelID="96"
	ProcessorCacheSize="512"
	NumberOfLogicalCPU="1"
	NumberOfPhysicalCPU="1"
	TotalVirtualMemory="2047"
	TotalPhysicalMemory="1964"
	LogicalProcessorsPerPhysical="1"
	ProcessorClockFrequency="2894.56"
	>
	<Testing>
		<StartDateTime>Oct 27 10:46 CST</StartDateTime>
		<StartTestTime>1698374818</StartTestTime>
		<TestList/>
		<EndDateTime>Oct 27 10:46 CST</EndDateTime>
		<EndTestTime>1698374818</EndTestTime>
		<ElapsedMinutes>0</ElapsedMinutes>
	</Testing>
</Site>
